<?xml version="1.0" encoding="UTF-8"?>
<!-- Generated by org.testng.reporters.JUnitXMLReporter -->
<testsuite ignored="4" hostname="DESKTOP-9SQBDHC" failures="0" tests="1" name="Default test" time="0.761" errors="0" timestamp="2024-04-16T13:49:10 IST">
  <testcase classname="com.selenium.maven.tests.homePageTest" name="verifySearchBar" time="0.26"/>
  <testcase classname="com.selenium.maven.tests.homePageTest" name="verifySearchResult" time="0.0">
    <ignored/>
  </testcase> <!-- verifySearchResult -->
  <testcase classname="com.selenium.maven.tests.homePageTest" name="verifyTitle" time="0.0">
    <ignored/>
  </testcase> <!-- verifyTitle -->
  <testcase classname="com.selenium.maven.tests.homePageTest" name="printDataProviderData" time="0.0">
    <ignored/>
  </testcase> <!-- printDataProviderData -->
  <testcase classname="com.selenium.maven.tests.homePageTest" name="verifySearchFunc" time="0.0">
    <ignored/>
  </testcase> <!-- verifySearchFunc -->
</testsuite> <!-- Default test -->
