<?xml version="1.0" encoding="UTF-8"?>
<!-- Generated by org.testng.reporters.JUnitXMLReporter -->
<testsuite ignored="0" hostname="DESKTOP-9SQBDHC" failures="0" tests="8" name="Practice" time="17.184" errors="0" timestamp="2024-04-22T18:54:03 IST">
  <testcase classname="com.selenium.maven.tests.homePageTest" name="printDataProviderData" time="0.337"/>
  <testcase classname="com.selenium.maven.tests.homePageTest" name="printDataProviderData" time="0.007"/>
  <testcase classname="com.selenium.maven.tests.homePageTest" name="verifyTitle" time="0.028"/>
  <testcase classname="com.selenium.maven.tests.homePageTest" name="verifySearchBar" time="0.155"/>
  <testcase classname="com.selenium.maven.tests.homePageTest" name="verifySearchFunc" time="2.961"/>
  <testcase classname="com.selenium.maven.tests.homePageTest" name="verifySearchResult" time="5.757"/>
  <testcase classname="com.selenium.maven.tests.homePageTest" name="closeOpenedSearchItemTab" time="0.223"/>
  <testcase classname="com.selenium.maven.tests.homePageTest" name="changeLanguage" time="1.249"/>
</testsuite> <!-- Practice -->
