<?xml version="1.0" encoding="UTF-8"?>
<testng-results ignored="0" total="6" passed="6" failed="0" skipped="0">
  <reporter-output>
  </reporter-output>
  <suite started-at="2024-04-19T15:42:42 IST" name="Regression" finished-at="2024-04-19T15:42:47 IST" duration-ms="4251">
    <groups>
      <group name="Regression">
        <method signature="homePageTest.verifySearchBar()[pri:1, instance:com.selenium.maven.tests.homePageTest@1b9ea3e3]" name="verifySearchBar" class="com.selenium.maven.tests.homePageTest"/>
        <method signature="homePageTest.verifySearchFunc()[pri:2, instance:com.selenium.maven.tests.homePageTest@1b9ea3e3]" name="verifySearchFunc" class="com.selenium.maven.tests.homePageTest"/>
        <method signature="homePageTest.verifySearchResult()[pri:3, instance:com.selenium.maven.tests.homePageTest@1b9ea3e3]" name="verifySearchResult" class="com.selenium.maven.tests.homePageTest"/>
        <method signature="homePageTest.verifyTitle(java.lang.String,java.lang.String)[pri:0, instance:com.selenium.maven.tests.homePageTest@1b9ea3e3]" name="verifyTitle" class="com.selenium.maven.tests.homePageTest"/>
      </group> <!-- Regression -->
    </groups>
    <test started-at="2024-04-19T15:42:42 IST" name="Practice" finished-at="2024-04-19T15:42:47 IST" duration-ms="4251">
      <class name="com.selenium.maven.tests.homePageTest">
        <test-method is-config="true" signature="initiate()[pri:0, instance:com.selenium.maven.tests.homePageTest@1b9ea3e3]" started-at="2024-04-19T15:42:36 IST" name="initiate" finished-at="2024-04-19T15:42:42 IST" duration-ms="6728" status="PASS">
          <reporter-output>
          </reporter-output>
        </test-method> <!-- initiate -->
        <test-method signature="verifyTitle(java.lang.String,java.lang.String)[pri:0, instance:com.selenium.maven.tests.homePageTest@1b9ea3e3]" started-at="2024-04-19T15:42:42 IST" name="verifyTitle" description="Verify home page title." finished-at="2024-04-19T15:42:43 IST" duration-ms="484" status="PASS">
          <params>
            <param index="0">
              <value>
                <![CDATA[hello]]>
              </value>
            </param>
            <param index="1">
              <value>
                <![CDATA[world!]]>
              </value>
            </param>
          </params>
          <reporter-output>
          </reporter-output>
        </test-method> <!-- verifyTitle -->
        <test-method signature="verifySearchBar()[pri:1, instance:com.selenium.maven.tests.homePageTest@1b9ea3e3]" started-at="2024-04-19T15:42:42 IST" name="verifySearchBar" description="Verify search bar." finished-at="2024-04-19T15:42:43 IST" duration-ms="503" status="PASS">
          <reporter-output>
          </reporter-output>
        </test-method> <!-- verifySearchBar -->
        <test-method signature="printDataProviderData(int,int)[pri:0, instance:com.selenium.maven.tests.homePageTest@1b9ea3e3]" started-at="2024-04-19T15:42:42 IST" name="printDataProviderData" data-provider="provideData" finished-at="2024-04-19T15:42:43 IST" duration-ms="299" status="PASS">
          <params>
            <param index="0">
              <value>
                <![CDATA[2]]>
              </value>
            </param>
            <param index="1">
              <value>
                <![CDATA[3]]>
              </value>
            </param>
          </params>
          <reporter-output>
          </reporter-output>
        </test-method> <!-- printDataProviderData -->
        <test-method signature="verifySearchFunc()[pri:2, instance:com.selenium.maven.tests.homePageTest@1b9ea3e3]" started-at="2024-04-19T15:42:42 IST" name="verifySearchFunc" description="Verify search bar." finished-at="2024-04-19T15:42:46 IST" duration-ms="3339" status="PASS">
          <reporter-output>
          </reporter-output>
        </test-method> <!-- verifySearchFunc -->
        <test-method signature="printDataProviderData(int,int)[pri:0, instance:com.selenium.maven.tests.homePageTest@1b9ea3e3]" started-at="2024-04-19T15:42:43 IST" name="printDataProviderData" data-provider="provideData" finished-at="2024-04-19T15:42:43 IST" duration-ms="5" status="PASS">
          <params>
            <param index="0">
              <value>
                <![CDATA[5]]>
              </value>
            </param>
            <param index="1">
              <value>
                <![CDATA[5]]>
              </value>
            </param>
          </params>
          <reporter-output>
          </reporter-output>
        </test-method> <!-- printDataProviderData -->
        <test-method signature="verifySearchResult()[pri:3, instance:com.selenium.maven.tests.homePageTest@1b9ea3e3]" started-at="2024-04-19T15:42:46 IST" name="verifySearchResult" description="Verify search result." finished-at="2024-04-19T15:42:46 IST" depends-on-methods="com.selenium.maven.tests.homePageTest.verifySearchFunc" duration-ms="410" status="PASS">
          <reporter-output>
          </reporter-output>
        </test-method> <!-- verifySearchResult -->
        <test-method is-config="true" signature="endSession()[pri:0, instance:com.selenium.maven.tests.homePageTest@1b9ea3e3]" started-at="2024-04-19T15:42:46 IST" name="endSession" finished-at="2024-04-19T15:42:47 IST" duration-ms="434" status="PASS">
          <reporter-output>
          </reporter-output>
        </test-method> <!-- endSession -->
      </class> <!-- com.selenium.maven.tests.homePageTest -->
    </test> <!-- Practice -->
  </suite> <!-- Regression -->
</testng-results>
